<?xml version="1.0" encoding="UTF-8"?>
<testng-results ignored="0" total="0" passed="0" failed="0" skipped="0">
  <reporter-output>
  </reporter-output>
  <suite started-at="2024-02-15T00:25:25 IST" name="All Test Suite" finished-at="2024-02-15T00:25:25 IST" duration-ms="11">
    <groups>
    </groups>
    <test started-at="2024-02-15T00:25:25 IST" name="./src/test/java/com/org_name/tests" finished-at="2024-02-15T00:25:25 IST" duration-ms="11">
    </test> <!-- ./src/test/java/com/org_name/tests -->
  </suite> <!-- All Test Suite -->
</testng-results>
